<?xml version="1.0" encoding="UTF-8"?>
<TestRun id="418487a1-01e7-4aeb-b6f1-78fd387c2420" name="Ian@IAN-PC 2013-08-05 16:22:38" runUser="Ian-PC\Ian" xmlns="http://microsoft.com/schemas/VisualStudio/TeamTest/2010">
  <TestSettings name="Local" id="c1d964d1-5453-408b-ba45-eca3a32d2ee7">
    <Description>These are default test settings for a local test run.</Description>
    <Deployment enabled="false" runDeploymentRoot="Ian_IAN-PC 2013-08-05 16_22_38">
      <DeploymentItem filename="C:\Users\Ian\Documents\GitHub\EntityEngineV4\EntityEngineV4\bin\Debug\EntityEngineV4.dll" />
    </Deployment>
    <Execution>
      <TestTypeSpecific />
      <AgentRule name="Execution Agents">
      </AgentRule>
    </Execution>
  </TestSettings>
  <Times creation="2013-08-05T16:22:38.5361295-07:00" queuing="2013-08-05T16:22:39.4601824-07:00" start="2013-08-05T16:22:39.4911841-07:00" finish="2013-08-05T16:22:39.8502047-07:00" />
  <ResultSummary outcome="Failed">
    <Counters total="2" executed="2" error="0" failed="2" timeout="0" aborted="0" inconclusive="0" passedButRunAborted="0" notRunnable="0" notExecuted="0" disconnected="0" warning="0" passed="0" completed="0" inProgress="0" pending="0" />
  </ResultSummary>
  <TestDefinitions>
    <UnitTest name="CollideAABBvsAABB2" storage="c:\users\ian\documents\github\entityenginev4testbed\entityenginev4test\bin\debug\entityenginev4test.dll" id="ecbe2d02-9b35-4cbd-91c6-ac81a9c26913">
      <Execution id="04c1feee-4571-490a-b4c8-cb9382702e50" />
      <TestMethod codeBase="C:/Users/Ian/Documents/GitHub/EntityEngineV4TestBed/EntityEngineV4Test/bin/Debug/EntityEngineV4Test.DLL" adapterTypeName="Microsoft.VisualStudio.TestTools.TestTypes.Unit.UnitTestAdapter, Microsoft.VisualStudio.QualityTools.Tips.UnitTest.Adapter, Version=10.0.0.0, Culture=neutral, PublicKeyToken=b03f5f7f11d50a3a" className="EntityEngineV4Test.CollisionTest, EntityEngineV4Test, Version=1.0.0.0, Culture=neutral, PublicKeyToken=null" name="CollideAABBvsAABB2" />
    </UnitTest>
    <UnitTest name="CollideAABBvsAABB1" storage="c:\users\ian\documents\github\entityenginev4testbed\entityenginev4test\bin\debug\entityenginev4test.dll" id="6e81cd68-0f75-7438-2fe3-16d64e678ee5">
      <Execution id="2adbf888-5e35-4903-a58a-f62d3c069b38" />
      <TestMethod codeBase="C:/Users/Ian/Documents/GitHub/EntityEngineV4TestBed/EntityEngineV4Test/bin/Debug/EntityEngineV4Test.DLL" adapterTypeName="Microsoft.VisualStudio.TestTools.TestTypes.Unit.UnitTestAdapter, Microsoft.VisualStudio.QualityTools.Tips.UnitTest.Adapter, Version=10.0.0.0, Culture=neutral, PublicKeyToken=b03f5f7f11d50a3a" className="EntityEngineV4Test.CollisionTest, EntityEngineV4Test, Version=1.0.0.0, Culture=neutral, PublicKeyToken=null" name="CollideAABBvsAABB1" />
    </UnitTest>
  </TestDefinitions>
  <TestLists>
    <TestList name="Results Not in a List" id="8c84fa94-04c1-424b-9868-57a2d4851a1d" />
    <TestList name="All Loaded Results" id="19431567-8539-422a-85d7-44ee4e166bda" />
  </TestLists>
  <TestEntries>
    <TestEntry testId="6e81cd68-0f75-7438-2fe3-16d64e678ee5" executionId="2adbf888-5e35-4903-a58a-f62d3c069b38" testListId="8c84fa94-04c1-424b-9868-57a2d4851a1d" />
    <TestEntry testId="ecbe2d02-9b35-4cbd-91c6-ac81a9c26913" executionId="04c1feee-4571-490a-b4c8-cb9382702e50" testListId="8c84fa94-04c1-424b-9868-57a2d4851a1d" />
  </TestEntries>
  <Results>
    <UnitTestResult executionId="2adbf888-5e35-4903-a58a-f62d3c069b38" testId="6e81cd68-0f75-7438-2fe3-16d64e678ee5" testName="CollideAABBvsAABB1" computerName="IAN-PC" duration="00:00:00.0887401" startTime="2013-08-05T16:22:39.5041849-07:00" endTime="2013-08-05T16:22:39.7882011-07:00" testType="13cdc9d9-ddb5-4fa4-a97d-d965ccfc6d4b" outcome="Failed" testListId="8c84fa94-04c1-424b-9868-57a2d4851a1d" relativeResultsDirectory="2adbf888-5e35-4903-a58a-f62d3c069b38">
      <Output>
        <ErrorInfo>
          <Message>Test method EntityEngineV4Test.CollisionTest.CollideAABBvsAABB1 threw exception: 
System.NullReferenceException: Object reference not set to an instance of an object.</Message>
          <StackTrace>    at EntityEngineV4.Collision.Collision..ctor(IComponent parent, String name, Shape shape, Body collisionBody) in c:\Users\Ian\Documents\GitHub\EntityEngineV4\EntityEngineV4\Collision\Collision.cs:line 167
   at EntityEngineV4Test.CollisionTest.CollideAABBvsAABB1() in c:\Users\Ian\Documents\GitHub\EntityEngineV4TestBed\EntityEngineV4Test\CollisionTest.cs:line 36
</StackTrace>
        </ErrorInfo>
      </Output>
    </UnitTestResult>
    <UnitTestResult executionId="04c1feee-4571-490a-b4c8-cb9382702e50" testId="ecbe2d02-9b35-4cbd-91c6-ac81a9c26913" testName="CollideAABBvsAABB2" computerName="IAN-PC" duration="00:00:00.0014652" startTime="2013-08-05T16:22:39.7892012-07:00" endTime="2013-08-05T16:22:39.7922014-07:00" testType="13cdc9d9-ddb5-4fa4-a97d-d965ccfc6d4b" outcome="Failed" testListId="8c84fa94-04c1-424b-9868-57a2d4851a1d" relativeResultsDirectory="04c1feee-4571-490a-b4c8-cb9382702e50">
      <Output>
        <ErrorInfo>
          <Message>Test method EntityEngineV4Test.CollisionTest.CollideAABBvsAABB2 threw exception: 
System.NullReferenceException: Object reference not set to an instance of an object.</Message>
          <StackTrace>    at EntityEngineV4.Collision.Collision..ctor(IComponent parent, String name, Shape shape, Body collisionBody) in c:\Users\Ian\Documents\GitHub\EntityEngineV4\EntityEngineV4\Collision\Collision.cs:line 167
   at EntityEngineV4Test.CollisionTest.CollideAABBvsAABB2() in c:\Users\Ian\Documents\GitHub\EntityEngineV4TestBed\EntityEngineV4Test\CollisionTest.cs:line 79
</StackTrace>
        </ErrorInfo>
      </Output>
    </UnitTestResult>
  </Results>
</TestRun>