<?xml version="1.0" encoding="UTF-8"?>
<TestRun id="8ff5eef7-2e3a-4d41-8fce-92e7c5a44a72" name="Ian@IAN-PC 2013-08-05 16:24:29" runUser="Ian-PC\Ian" xmlns="http://microsoft.com/schemas/VisualStudio/TeamTest/2010">
  <TestSettings name="Local" id="c1d964d1-5453-408b-ba45-eca3a32d2ee7">
    <Description>These are default test settings for a local test run.</Description>
    <Deployment enabled="false" runDeploymentRoot="Ian_IAN-PC 2013-08-05 16_24_29">
      <DeploymentItem filename="C:\Users\Ian\Documents\GitHub\EntityEngineV4\EntityEngineV4\bin\Debug\EntityEngineV4.dll" />
    </Deployment>
    <Execution>
      <TestTypeSpecific />
      <AgentRule name="Execution Agents">
      </AgentRule>
    </Execution>
  </TestSettings>
  <Times creation="2013-08-05T16:24:29.4474733-07:00" queuing="2013-08-05T16:24:29.4814752-07:00" start="2013-08-05T16:24:29.4874756-07:00" finish="2013-08-05T16:24:29.6464847-07:00" />
  <ResultSummary outcome="Failed">
    <Counters total="1" executed="1" error="0" failed="1" timeout="0" aborted="0" inconclusive="0" passedButRunAborted="0" notRunnable="0" notExecuted="0" disconnected="0" warning="0" passed="0" completed="0" inProgress="0" pending="0" />
  </ResultSummary>
  <TestDefinitions>
    <UnitTest name="CollideAABBvsAABB2" storage="c:\users\ian\documents\github\entityenginev4testbed\entityenginev4test\bin\debug\entityenginev4test.dll" id="ecbe2d02-9b35-4cbd-91c6-ac81a9c26913">
      <Execution id="2738d34f-4609-496f-91b5-48b97e940c9b" />
      <TestMethod codeBase="C:/Users/Ian/Documents/GitHub/EntityEngineV4TestBed/EntityEngineV4Test/bin/Debug/EntityEngineV4Test.DLL" adapterTypeName="Microsoft.VisualStudio.TestTools.TestTypes.Unit.UnitTestAdapter, Microsoft.VisualStudio.QualityTools.Tips.UnitTest.Adapter, Version=10.0.0.0, Culture=neutral, PublicKeyToken=b03f5f7f11d50a3a" className="EntityEngineV4Test.CollisionTest, EntityEngineV4Test, Version=1.0.0.0, Culture=neutral, PublicKeyToken=null" name="CollideAABBvsAABB2" />
    </UnitTest>
  </TestDefinitions>
  <TestLists>
    <TestList name="Results Not in a List" id="8c84fa94-04c1-424b-9868-57a2d4851a1d" />
    <TestList name="All Loaded Results" id="19431567-8539-422a-85d7-44ee4e166bda" />
  </TestLists>
  <TestEntries>
    <TestEntry testId="ecbe2d02-9b35-4cbd-91c6-ac81a9c26913" executionId="2738d34f-4609-496f-91b5-48b97e940c9b" testListId="8c84fa94-04c1-424b-9868-57a2d4851a1d" />
  </TestEntries>
  <Results>
    <UnitTestResult executionId="2738d34f-4609-496f-91b5-48b97e940c9b" testId="ecbe2d02-9b35-4cbd-91c6-ac81a9c26913" testName="CollideAABBvsAABB2" computerName="IAN-PC" duration="00:00:00.0236685" startTime="2013-08-05T16:24:29.4864755-07:00" endTime="2013-08-05T16:24:29.6384842-07:00" testType="13cdc9d9-ddb5-4fa4-a97d-d965ccfc6d4b" outcome="Failed" testListId="8c84fa94-04c1-424b-9868-57a2d4851a1d" relativeResultsDirectory="2738d34f-4609-496f-91b5-48b97e940c9b">
      <Output>
        <ErrorInfo>
          <Message>Test method EntityEngineV4Test.CollisionTest.CollideAABBvsAABB2 threw exception: 
System.NullReferenceException: Object reference not set to an instance of an object.</Message>
          <StackTrace>    at EntityEngineV4.Engine.EntityState.Show() in c:\Users\Ian\Documents\GitHub\EntityEngineV4\EntityEngineV4\Engine\EntityState.cs:line 123
   at EntityEngineV4Test.CollisionTest.CollideAABBvsAABB2() in c:\Users\Ian\Documents\GitHub\EntityEngineV4TestBed\EntityEngineV4Test\CollisionTest.cs:line 66
</StackTrace>
        </ErrorInfo>
      </Output>
    </UnitTestResult>
  </Results>
</TestRun>