<?xml version="1.0" encoding="UTF-8"?>
<TestRun id="8140fd42-4421-4960-91e4-f641c2fd4650" name="Ian@IAN-PC 2013-08-05 16:27:26" runUser="Ian-PC\Ian" xmlns="http://microsoft.com/schemas/VisualStudio/TeamTest/2010">
  <TestSettings name="Local" id="c1d964d1-5453-408b-ba45-eca3a32d2ee7">
    <Description>These are default test settings for a local test run.</Description>
    <Deployment enabled="false" runDeploymentRoot="Ian_IAN-PC 2013-08-05 16_27_26">
      <DeploymentItem filename="C:\Users\Ian\Documents\GitHub\EntityEngineV4\EntityEngineV4\bin\Debug\EntityEngineV4.dll" />
    </Deployment>
    <Execution>
      <TestTypeSpecific />
      <AgentRule name="Execution Agents">
      </AgentRule>
    </Execution>
  </TestSettings>
  <Times creation="2013-08-05T16:27:26.1665810-07:00" queuing="2013-08-05T16:27:26.2055833-07:00" start="2013-08-05T16:27:26.2095835-07:00" finish="2013-08-05T16:27:26.3805933-07:00" />
  <ResultSummary outcome="Failed">
    <Counters total="2" executed="2" error="0" failed="2" timeout="0" aborted="0" inconclusive="0" passedButRunAborted="0" notRunnable="0" notExecuted="0" disconnected="0" warning="0" passed="0" completed="0" inProgress="0" pending="0" />
  </ResultSummary>
  <TestDefinitions>
    <UnitTest name="CollideAABBvsAABB2" storage="c:\users\ian\documents\github\entityenginev4testbed\entityenginev4test\bin\debug\entityenginev4test.dll" id="ecbe2d02-9b35-4cbd-91c6-ac81a9c26913">
      <Execution id="91ad1696-3d9c-4d37-a849-60ecbb381648" />
      <TestMethod codeBase="C:/Users/Ian/Documents/GitHub/EntityEngineV4TestBed/EntityEngineV4Test/bin/Debug/EntityEngineV4Test.DLL" adapterTypeName="Microsoft.VisualStudio.TestTools.TestTypes.Unit.UnitTestAdapter, Microsoft.VisualStudio.QualityTools.Tips.UnitTest.Adapter, Version=10.0.0.0, Culture=neutral, PublicKeyToken=b03f5f7f11d50a3a" className="EntityEngineV4Test.CollisionTest, EntityEngineV4Test, Version=1.0.0.0, Culture=neutral, PublicKeyToken=null" name="CollideAABBvsAABB2" />
    </UnitTest>
    <UnitTest name="CollideAABBvsAABB1" storage="c:\users\ian\documents\github\entityenginev4testbed\entityenginev4test\bin\debug\entityenginev4test.dll" id="6e81cd68-0f75-7438-2fe3-16d64e678ee5">
      <Execution id="82f5484c-788e-4fee-b5f6-2d5c4b8a9d7c" />
      <TestMethod codeBase="C:/Users/Ian/Documents/GitHub/EntityEngineV4TestBed/EntityEngineV4Test/bin/Debug/EntityEngineV4Test.DLL" adapterTypeName="Microsoft.VisualStudio.TestTools.TestTypes.Unit.UnitTestAdapter, Microsoft.VisualStudio.QualityTools.Tips.UnitTest.Adapter, Version=10.0.0.0, Culture=neutral, PublicKeyToken=b03f5f7f11d50a3a" className="EntityEngineV4Test.CollisionTest, EntityEngineV4Test, Version=1.0.0.0, Culture=neutral, PublicKeyToken=null" name="CollideAABBvsAABB1" />
    </UnitTest>
  </TestDefinitions>
  <TestLists>
    <TestList name="Results Not in a List" id="8c84fa94-04c1-424b-9868-57a2d4851a1d" />
    <TestList name="All Loaded Results" id="19431567-8539-422a-85d7-44ee4e166bda" />
  </TestLists>
  <TestEntries>
    <TestEntry testId="6e81cd68-0f75-7438-2fe3-16d64e678ee5" executionId="82f5484c-788e-4fee-b5f6-2d5c4b8a9d7c" testListId="8c84fa94-04c1-424b-9868-57a2d4851a1d" />
    <TestEntry testId="ecbe2d02-9b35-4cbd-91c6-ac81a9c26913" executionId="91ad1696-3d9c-4d37-a849-60ecbb381648" testListId="8c84fa94-04c1-424b-9868-57a2d4851a1d" />
  </TestEntries>
  <Results>
    <UnitTestResult executionId="82f5484c-788e-4fee-b5f6-2d5c4b8a9d7c" testId="6e81cd68-0f75-7438-2fe3-16d64e678ee5" testName="CollideAABBvsAABB1" computerName="IAN-PC" duration="00:00:00.0283668" startTime="2013-08-05T16:27:26.2105836-07:00" endTime="2013-08-05T16:27:26.3655924-07:00" testType="13cdc9d9-ddb5-4fa4-a97d-d965ccfc6d4b" outcome="Failed" testListId="8c84fa94-04c1-424b-9868-57a2d4851a1d" relativeResultsDirectory="82f5484c-788e-4fee-b5f6-2d5c4b8a9d7c">
      <Output>
        <ErrorInfo>
          <Message>Test method EntityEngineV4Test.CollisionTest.CollideAABBvsAABB1 threw exception: 
System.NullReferenceException: Object reference not set to an instance of an object.</Message>
          <StackTrace>    at EntityEngineV4.GUI.Label..ctor(ControlHandler parent, String name) in c:\Users\Ian\Documents\GitHub\EntityEngineV4\EntityEngineV4\GUI\Label.cs:line 32
   at EntityEngineV4.Engine.EntityGame..ctor(Game game, SpriteBatch spriteBatch) in c:\Users\Ian\Documents\GitHub\EntityEngineV4\EntityEngineV4\Engine\EntityGame.cs:line 65
   at EntityEngineV4Test.CollisionTest.CollideAABBvsAABB1() in c:\Users\Ian\Documents\GitHub\EntityEngineV4TestBed\EntityEngineV4Test\CollisionTest.cs:line 20
</StackTrace>
        </ErrorInfo>
      </Output>
    </UnitTestResult>
    <UnitTestResult executionId="91ad1696-3d9c-4d37-a849-60ecbb381648" testId="ecbe2d02-9b35-4cbd-91c6-ac81a9c26913" testName="CollideAABBvsAABB2" computerName="IAN-PC" duration="00:00:00.0026937" startTime="2013-08-05T16:27:26.3655924-07:00" endTime="2013-08-05T16:27:26.3705927-07:00" testType="13cdc9d9-ddb5-4fa4-a97d-d965ccfc6d4b" outcome="Failed" testListId="8c84fa94-04c1-424b-9868-57a2d4851a1d" relativeResultsDirectory="91ad1696-3d9c-4d37-a849-60ecbb381648">
      <Output>
        <ErrorInfo>
          <Message>Test method EntityEngineV4Test.CollisionTest.CollideAABBvsAABB2 threw exception: 
System.NullReferenceException: Object reference not set to an instance of an object.</Message>
          <StackTrace>    at EntityEngineV4.Engine.EntityState.Show() in c:\Users\Ian\Documents\GitHub\EntityEngineV4\EntityEngineV4\Engine\EntityState.cs:line 123
   at EntityEngineV4Test.CollisionTest.CollideAABBvsAABB2() in c:\Users\Ian\Documents\GitHub\EntityEngineV4TestBed\EntityEngineV4Test\CollisionTest.cs:line 67
</StackTrace>
        </ErrorInfo>
      </Output>
    </UnitTestResult>
  </Results>
</TestRun>