<?xml version="1.0" encoding="UTF-8"?>
<TestRun id="624d3103-962a-4760-96ab-d44c8aef7a30" name="Ian@IAN-PC 2013-08-05 16:24:36" runUser="Ian-PC\Ian" xmlns="http://microsoft.com/schemas/VisualStudio/TeamTest/2010">
  <TestSettings name="Local" id="c1d964d1-5453-408b-ba45-eca3a32d2ee7">
    <Description>These are default test settings for a local test run.</Description>
    <Deployment enabled="false" runDeploymentRoot="Ian_IAN-PC 2013-08-05 16_24_36">
      <DeploymentItem filename="C:\Users\Ian\Documents\GitHub\EntityEngineV4\EntityEngineV4\bin\Debug\EntityEngineV4.dll" />
    </Deployment>
    <Execution>
      <TestTypeSpecific />
      <AgentRule name="Execution Agents">
      </AgentRule>
    </Execution>
  </TestSettings>
  <Times creation="2013-08-05T16:24:36.4038712-07:00" queuing="2013-08-05T16:24:36.4358730-07:00" start="2013-08-05T16:24:36.4388732-07:00" finish="2013-08-05T16:24:36.6048827-07:00" />
  <ResultSummary outcome="Failed">
    <Counters total="2" executed="2" error="0" failed="2" timeout="0" aborted="0" inconclusive="0" passedButRunAborted="0" notRunnable="0" notExecuted="0" disconnected="0" warning="0" passed="0" completed="0" inProgress="0" pending="0" />
  </ResultSummary>
  <TestDefinitions>
    <UnitTest name="CollideAABBvsAABB2" storage="c:\users\ian\documents\github\entityenginev4testbed\entityenginev4test\bin\debug\entityenginev4test.dll" id="ecbe2d02-9b35-4cbd-91c6-ac81a9c26913">
      <Execution id="670da8f1-62cf-4d05-9a6d-1562896057eb" />
      <TestMethod codeBase="C:/Users/Ian/Documents/GitHub/EntityEngineV4TestBed/EntityEngineV4Test/bin/Debug/EntityEngineV4Test.DLL" adapterTypeName="Microsoft.VisualStudio.TestTools.TestTypes.Unit.UnitTestAdapter, Microsoft.VisualStudio.QualityTools.Tips.UnitTest.Adapter, Version=10.0.0.0, Culture=neutral, PublicKeyToken=b03f5f7f11d50a3a" className="EntityEngineV4Test.CollisionTest, EntityEngineV4Test, Version=1.0.0.0, Culture=neutral, PublicKeyToken=null" name="CollideAABBvsAABB2" />
    </UnitTest>
    <UnitTest name="CollideAABBvsAABB1" storage="c:\users\ian\documents\github\entityenginev4testbed\entityenginev4test\bin\debug\entityenginev4test.dll" id="6e81cd68-0f75-7438-2fe3-16d64e678ee5">
      <Execution id="86634717-3aba-401d-aa28-0c58ac9bec65" />
      <TestMethod codeBase="C:/Users/Ian/Documents/GitHub/EntityEngineV4TestBed/EntityEngineV4Test/bin/Debug/EntityEngineV4Test.DLL" adapterTypeName="Microsoft.VisualStudio.TestTools.TestTypes.Unit.UnitTestAdapter, Microsoft.VisualStudio.QualityTools.Tips.UnitTest.Adapter, Version=10.0.0.0, Culture=neutral, PublicKeyToken=b03f5f7f11d50a3a" className="EntityEngineV4Test.CollisionTest, EntityEngineV4Test, Version=1.0.0.0, Culture=neutral, PublicKeyToken=null" name="CollideAABBvsAABB1" />
    </UnitTest>
  </TestDefinitions>
  <TestLists>
    <TestList name="Results Not in a List" id="8c84fa94-04c1-424b-9868-57a2d4851a1d" />
    <TestList name="All Loaded Results" id="19431567-8539-422a-85d7-44ee4e166bda" />
  </TestLists>
  <TestEntries>
    <TestEntry testId="6e81cd68-0f75-7438-2fe3-16d64e678ee5" executionId="86634717-3aba-401d-aa28-0c58ac9bec65" testListId="8c84fa94-04c1-424b-9868-57a2d4851a1d" />
    <TestEntry testId="ecbe2d02-9b35-4cbd-91c6-ac81a9c26913" executionId="670da8f1-62cf-4d05-9a6d-1562896057eb" testListId="8c84fa94-04c1-424b-9868-57a2d4851a1d" />
  </TestEntries>
  <Results>
    <UnitTestResult executionId="86634717-3aba-401d-aa28-0c58ac9bec65" testId="6e81cd68-0f75-7438-2fe3-16d64e678ee5" testName="CollideAABBvsAABB1" computerName="IAN-PC" duration="00:00:00.0241409" startTime="2013-08-05T16:24:36.4408733-07:00" endTime="2013-08-05T16:24:36.5908819-07:00" testType="13cdc9d9-ddb5-4fa4-a97d-d965ccfc6d4b" outcome="Failed" testListId="8c84fa94-04c1-424b-9868-57a2d4851a1d" relativeResultsDirectory="86634717-3aba-401d-aa28-0c58ac9bec65">
      <Output>
        <ErrorInfo>
          <Message>Test method EntityEngineV4Test.CollisionTest.CollideAABBvsAABB1 threw exception: 
System.NullReferenceException: Object reference not set to an instance of an object.</Message>
          <StackTrace>    at EntityEngineV4.Engine.EntityState.Show() in c:\Users\Ian\Documents\GitHub\EntityEngineV4\EntityEngineV4\Engine\EntityState.cs:line 123
   at EntityEngineV4Test.CollisionTest.CollideAABBvsAABB1() in c:\Users\Ian\Documents\GitHub\EntityEngineV4TestBed\EntityEngineV4Test\CollisionTest.cs:line 23
</StackTrace>
        </ErrorInfo>
      </Output>
    </UnitTestResult>
    <UnitTestResult executionId="670da8f1-62cf-4d05-9a6d-1562896057eb" testId="ecbe2d02-9b35-4cbd-91c6-ac81a9c26913" testName="CollideAABBvsAABB2" computerName="IAN-PC" duration="00:00:00.0013649" startTime="2013-08-05T16:24:36.5918819-07:00" endTime="2013-08-05T16:24:36.5958822-07:00" testType="13cdc9d9-ddb5-4fa4-a97d-d965ccfc6d4b" outcome="Failed" testListId="8c84fa94-04c1-424b-9868-57a2d4851a1d" relativeResultsDirectory="670da8f1-62cf-4d05-9a6d-1562896057eb">
      <Output>
        <ErrorInfo>
          <Message>Test method EntityEngineV4Test.CollisionTest.CollideAABBvsAABB2 threw exception: 
System.NullReferenceException: Object reference not set to an instance of an object.</Message>
          <StackTrace>    at EntityEngineV4.Engine.EntityState.Show() in c:\Users\Ian\Documents\GitHub\EntityEngineV4\EntityEngineV4\Engine\EntityState.cs:line 123
   at EntityEngineV4Test.CollisionTest.CollideAABBvsAABB2() in c:\Users\Ian\Documents\GitHub\EntityEngineV4TestBed\EntityEngineV4Test\CollisionTest.cs:line 66
</StackTrace>
        </ErrorInfo>
      </Output>
    </UnitTestResult>
  </Results>
</TestRun>