<?xml version="1.0" encoding="UTF-8"?>
<TestRun id="602c68d7-0ba0-444b-a25a-85d9a8dcc1bc" name="SnooperSnayk@SNOOPERSNAYK-PC 2013-06-27 19:23:44" runUser="SnooperSnayk-PC\SnooperSnayk" xmlns="http://microsoft.com/schemas/VisualStudio/TeamTest/2010">
  <TestSettings name="Local" id="c1d964d1-5453-408b-ba45-eca3a32d2ee7">
    <Description>These are default test settings for a local test run.</Description>
    <Deployment enabled="false" runDeploymentRoot="SnooperSnayk_SNOOPERSNAYK-PC 2013-06-27 19_23_44">
      <DeploymentItem filename="C:\Users\SnooperSnayk\Documents\GitHub\EntityEngineV4\EntityEngineV4\bin\Debug\EntityEngineV4.dll" />
    </Deployment>
    <Execution>
      <TestTypeSpecific />
      <AgentRule name="Execution Agents">
      </AgentRule>
    </Execution>
  </TestSettings>
  <Times creation="2013-06-27T19:23:44.3461498-07:00" queuing="2013-06-27T19:23:45.5429941-07:00" start="2013-06-27T19:23:45.7145944-07:00" finish="2013-06-27T19:27:22.7847696-07:00" />
  <ResultSummary outcome="Error">
    <Counters total="1" executed="1" error="0" failed="0" timeout="0" aborted="1" inconclusive="0" passedButRunAborted="0" notRunnable="0" notExecuted="0" disconnected="0" warning="0" passed="0" completed="0" inProgress="0" pending="0" />
    <RunInfos>
      <RunInfo computerName="SNOOPERSNAYK-PC" outcome="Error" timestamp="2013-06-27T19:27:22.7847696-07:00">
        <Text>Test host process exited unexpectedly.</Text>
      </RunInfo>
    </RunInfos>
  </ResultSummary>
  <TestDefinitions>
    <UnitTest name="CollideAABBvsAABB2" storage="c:\users\snoopersnayk\documents\github\entityenginev4testbed\entityenginev4test\bin\debug\entityenginev4test.dll" id="ecbe2d02-9b35-4cbd-91c6-ac81a9c26913">
      <Execution id="47465880-6b85-418e-9ce2-c42d2513d546" />
      <TestMethod codeBase="C:/Users/SnooperSnayk/Documents/GitHub/EntityEngineV4TestBed/EntityEngineV4Test/bin/Debug/EntityEngineV4Test.DLL" adapterTypeName="Microsoft.VisualStudio.TestTools.TestTypes.Unit.UnitTestAdapter, Microsoft.VisualStudio.QualityTools.Tips.UnitTest.Adapter, Version=10.0.0.0, Culture=neutral, PublicKeyToken=b03f5f7f11d50a3a" className="EntityEngineV4Test.CollisionTest, EntityEngineV4Test, Version=1.0.0.0, Culture=neutral, PublicKeyToken=null" name="CollideAABBvsAABB2" />
    </UnitTest>
  </TestDefinitions>
  <TestLists>
    <TestList name="Results Not in a List" id="8c84fa94-04c1-424b-9868-57a2d4851a1d" />
    <TestList name="All Loaded Results" id="19431567-8539-422a-85d7-44ee4e166bda" />
  </TestLists>
  <TestEntries>
    <TestEntry testId="ecbe2d02-9b35-4cbd-91c6-ac81a9c26913" executionId="47465880-6b85-418e-9ce2-c42d2513d546" testListId="8c84fa94-04c1-424b-9868-57a2d4851a1d" />
  </TestEntries>
  <Results>
    <UnitTestResult executionId="47465880-6b85-418e-9ce2-c42d2513d546" testId="ecbe2d02-9b35-4cbd-91c6-ac81a9c26913" testName="CollideAABBvsAABB2" computerName="SNOOPERSNAYK-PC" duration="00:03:36.8829749" startTime="2013-06-27T19:23:45.9017947-07:00" endTime="2013-06-27T19:27:22.7847696-07:00" testType="13cdc9d9-ddb5-4fa4-a97d-d965ccfc6d4b" outcome="Aborted" testListId="8c84fa94-04c1-424b-9868-57a2d4851a1d" relativeResultsDirectory="47465880-6b85-418e-9ce2-c42d2513d546">
    </UnitTestResult>
  </Results>
</TestRun>